<?xml version="1.0" encoding="UTF-8"?>
<!-- Generated by org.testng.reporters.JUnitReportReporter -->
<testsuite hostname="TALAN-7N2T0B5" failures="0" tests="1" name="com.MyStore.TestCases.IndexPageTest" time="14.449" errors="0" timestamp="2022-08-16T09:18:34 WAT" skipped="0">
  <testcase classname="com.MyStore.TestCases.IndexPageTest" name="VerifyLogo" time="14.449"/>
  <system-out/>
</testsuite> <!-- com.MyStore.TestCases.IndexPageTest -->
